Build started 04.11.2018 16:29:53.
     1>Project "C:\Moje pliki\pea1\PEAProject1\ProjectPEA1.vcxproj" on node 2 (Build target(s)).
     1>InitializeBuildStatus:
         Creating "x64\Release\ProjectPEA1.tlog\unsuccessfulbuild" because "AlwaysCreate" was specified.
       ClCompile:
         C:\Program Files (x86)\Microsoft Visual Studio\2017\Community\VC\Tools\MSVC\14.15.26726\bin\HostX86\x64\CL.exe /c /Zi /nologo /W3 /WX- /diagnostics:classic /O2 /Oi /GL /D NDEBUG /D _CONSOLE /D _UNICODE /D UNICODE /Gm- /EHsc /MD /GS /Gy /fp:precise /permissive- /Zc:wchar_t /Zc:forScope /Zc:inline /Fo"x64\Release\\" /Fd"x64\Release\vc141.pdb" /Gd /TP /FC /errorReport:prompt Menu.cpp
         Menu.cpp
       Link:
         C:\Program Files (x86)\Microsoft Visual Studio\2017\Community\VC\Tools\MSVC\14.15.26726\bin\HostX86\x64\link.exe /ERRORREPORT:PROMPT /OUT:"C:\Moje pliki\pea1\PEAProject1\x64\Release\ProjectPEA1.exe" /INCREMENTAL:NO /NOLOGO kernel32.lib user32.lib gdi32.lib winspool.lib comdlg32.lib advapi32.lib shell32.lib ole32.lib oleaut32.lib uuid.lib odbc32.lib odbccp32.lib /MANIFEST /MANIFESTUAC:"level='asInvoker' uiAccess='false'" /manifest:embed /DEBUG /PDB:"C:\Moje pliki\pea1\PEAProject1\x64\Release\ProjectPEA1.pdb" /SUBSYSTEM:CONSOLE /OPT:REF /OPT:ICF /LTCG:incremental /TLBID:1 /DYNAMICBASE /NXCOMPAT /IMPLIB:"C:\Moje pliki\pea1\PEAProject1\x64\Release\ProjectPEA1.lib" /MACHINE:X64 x64\Release\Matrix.obj
         x64\Release\Menu.obj
         x64\Release\Source.obj
         x64\Release\TimeCounter.obj
         Generating code
         1 of 486 functions ( 0.2%) were compiled, the rest were copied from previous compilation.
           0 functions were new in current compilation
           1 functions had inline decision re-evaluated but remain unchanged
         Finished generating code
         ProjectPEA1.vcxproj -> C:\Moje pliki\pea1\PEAProject1\x64\Release\ProjectPEA1.exe
       FinalizeBuildStatus:
         Deleting file "x64\Release\ProjectPEA1.tlog\unsuccessfulbuild".
         Touching "x64\Release\ProjectPEA1.tlog\ProjectPEA1.lastbuildstate".
     1>Done Building Project "C:\Moje pliki\pea1\PEAProject1\ProjectPEA1.vcxproj" (Build target(s)).

Project Performance Summary:
     3731 ms  C:\Moje pliki\pea1\PEAProject1\ProjectPEA1.vcxproj   1 calls
               3731 ms  Build                                      1 calls

Target Performance Summary:
        0 ms  AfterResourceCompile                       1 calls
        0 ms  PreLinkEvent                               1 calls
        0 ms  PrepareResourceNames                       1 calls
        0 ms  CreateCustomManifestResourceNames          1 calls
        0 ms  ComputeManifestInputsTargets               1 calls
        0 ms  ComputeLinkInputsFromProject               1 calls
        0 ms  ComputeCLGeneratedLinkInputs               1 calls
        0 ms  ComputeCustomBuildOutput                   1 calls
        0 ms  ComputeManifestGeneratedLinkerInputs       1 calls
        0 ms  ComputeRCGeneratedLinkInputs               1 calls
        0 ms  ComputeRCOutputs                           1 calls
        0 ms  BeforeLink                                 1 calls
        0 ms  BuildLinkTraverse                          1 calls
        0 ms  BuildCompile                               1 calls
        0 ms  _BuildCompileAction                        1 calls
        0 ms  AfterBuildCompileEvent                     1 calls
        0 ms  _ResourceCompile                           1 calls
        0 ms  MakeDirsForResourceCompile                 1 calls
        0 ms  BeforeResourceCompile                      1 calls
        0 ms  _ClCompile                                 1 calls
        0 ms  AfterLink                                  1 calls
        0 ms  AfterClCompile                             1 calls
        0 ms  _Link                                      1 calls
        0 ms  _Manifest                                  1 calls
        0 ms  AfterBuild                                 1 calls
        0 ms  BuildLink                                  1 calls
        0 ms  _BuildLinkAction                           1 calls
        0 ms  PrepareForRun                              1 calls
        0 ms  CopyFilesToOutputDirectory                 1 calls
        0 ms  _CheckForCompileOutputs                    1 calls
        0 ms  _CopySourceItemsToOutputDirectory          1 calls
        0 ms  GetCopyToOutputDirectoryItems              1 calls
        0 ms  GetCopyToOutputDirectoryXamlAppDefs        1 calls
        0 ms  _Deploy                                    1 calls
        0 ms  CreateSatelliteAssemblies                  1 calls
        0 ms  _GenerateSatelliteAssemblyInputs           1 calls
        0 ms  _BscMake                                   1 calls
        0 ms  MakeDirsForBscMake                         1 calls
        0 ms  ComputeCLCompileGeneratedSbrFiles          1 calls
        0 ms  _XdcMake                                   1 calls
        0 ms  MakeDirsForXdcMake                         1 calls
        0 ms  ResolvedXDCMake                            1 calls
        0 ms  RegisterOutput                             1 calls
        0 ms  _ALink                                     1 calls
        0 ms  SelectClCompile                            1 calls
        0 ms  Build                                      1 calls
        0 ms  ComputeMIDLGeneratedCompileInputs          1 calls
        0 ms  ExpandSDKReferences                        1 calls
        0 ms  ResolveSDKReferences                       1 calls
        0 ms  SelectCustomBuild                          1 calls
        0 ms  BuildGenerateSourcesTraverse               1 calls
        0 ms  SetCABuildNativeEnvironmentVariables       1 calls
        0 ms  _CheckWindowsSDKInstalled                  1 calls
        0 ms  BeforeBuildGenerateSources                 1 calls
        0 ms  PreBuildEvent                              1 calls
        0 ms  GetResolvedWinMD                           1 calls
        0 ms  SetBuildDefaultEnvironmentVariables        1 calls
        0 ms  _SelectedFiles                             1 calls
        0 ms  _Xsd                                       1 calls
        0 ms  GetFrameworkPaths                          1 calls
        0 ms  ResolveProjectReferences                   1 calls
        0 ms  AfterResolveReferences                     1 calls
        0 ms  ResolveReferences                          1 calls
        0 ms  _Midl                                      1 calls
        0 ms  _PrepareForBuild                           1 calls
        0 ms  FixupCLCompileOptions                      1 calls
        0 ms  _PrepareForReferenceResolution             1 calls
        0 ms  BeforeResolveReferences                    1 calls
        0 ms  ComputeCLInputPDBName                      1 calls
        0 ms  _SplitProjectReferencesByFileExistence     1 calls
        0 ms  AfterMidl                                  1 calls
        0 ms  BeforeClCompile                            1 calls
        0 ms  BuildGenerateSources                       1 calls
        0 ms  _BuildGenerateSourcesAction                1 calls
        0 ms  AfterBuildGenerateSourcesEvent             1 calls
        0 ms  PrepareProjectReferences                   1 calls
        0 ms  AfterBuildGenerateSources                  1 calls
        0 ms  BuildCompileTraverse                       1 calls
        1 ms  _Appverifier                               1 calls
        1 ms  MakeDirsForCl                              1 calls
        1 ms  ComputeLinkSwitches                        1 calls
        1 ms  SplitResourcesByCulture                    1 calls
        1 ms  SetTelemetryEnvironmentVariables           1 calls
        1 ms  WarnCompileDuplicatedFilename              1 calls
        1 ms  PostBuildEvent                             1 calls
        1 ms  AssignTargetPaths                          1 calls
        1 ms  ComputeCLOutputs                           1 calls
        1 ms  ComputeCLCompileGeneratedXDCFiles          1 calls
        1 ms  AssignProjectConfiguration                 1 calls
        1 ms  ComputeLegacyManifestEmbedding             1 calls
        1 ms  ResolveAssemblyReferences                  1 calls
        1 ms  ComputeReferenceCLInput                    1 calls
        1 ms  MakeDirsForMidl                            1 calls
        1 ms  CopyFileToFolders                          1 calls
        1 ms  FinalizeBuildStatus                        1 calls
        1 ms  DoLinkOutputFilesMatch                     1 calls
        1 ms  PlatformPrepareForBuild                    1 calls
        2 ms  _GetProjectReferenceTargetFrameworkProperties   1 calls
        2 ms  ComputeLinkImportLibraryOutputsForClean    1 calls
        3 ms  _CheckForInvalidConfigurationAndPlatform   1 calls
        3 ms  MakeDirsForLink                            1 calls
        4 ms  PrepareForBuild                            1 calls
       12 ms  GetReferenceAssemblyPaths                  1 calls
       33 ms  InitializeBuildStatus                      1 calls
     1126 ms  Link                                       1 calls
     2520 ms  ClCompile                                  1 calls

Build succeeded.
    0 Warning(s)
    0 Error(s)

Time Elapsed 00:00:03.69
